This is pdfTeX, Version 3.1415926-1.40.11 (TeX Live 2010) (format=pdflatex 2010.7.21)  21 MAR 2011 17:57
entering extended mode
 restricted \write18 enabled.
 Source specials enabled.
 %&-line parsing enabled.
**aaai11QA.tex
(./aaai11QA.tex
LaTeX2e <2009/09/24>
Babel <v3.8l> and hyphenation patterns for english, dumylang, nohyphenation, ge
rman-x-2009-06-19, ngerman-x-2009-06-19, ancientgreek, ibycus, arabic, armenian
, basque, bulgarian, catalan, pinyin, coptic, croatian, czech, danish, dutch, u
kenglish, usenglishmax, esperanto, estonian, farsi, finnish, french, galician, 
german, ngerman, swissgerman, monogreek, greek, hungarian, icelandic, assamese,
 bengali, gujarati, hindi, kannada, malayalam, marathi, oriya, panjabi, tamil, 
telugu, indonesian, interlingua, irish, italian, kurmanji, lao, latin, latvian,
 lithuanian, mongolian, mongolianlmc, bokmal, nynorsk, polish, portuguese, roma
nian, russian, sanskrit, serbian, slovak, slovenian, spanish, swedish, turkish,
 turkmen, ukrainian, uppersorbian, welsh, loaded.
(/usr/local/texlive/2010/texmf-dist/tex/latex/base/article.cls
Document Class: article 2007/10/19 v1.4h Standard LaTeX document class
(/usr/local/texlive/2010/texmf-dist/tex/latex/base/size10.clo
File: size10.clo 2007/10/19 v1.4h Standard LaTeX file (size option)
)
\c@part=\count79
\c@section=\count80
\c@subsection=\count81
\c@subsubsection=\count82
\c@paragraph=\count83
\c@subparagraph=\count84
\c@figure=\count85
\c@table=\count86
\abovecaptionskip=\skip41
\belowcaptionskip=\skip42
\bibindent=\dimen102
) (./aaai.sty
Conference Style for AAAI for LaTeX 2e -- version of 2 February 2009
\titlebox=\skip43
) (/usr/local/texlive/2010/texmf-dist/tex/latex/amsmath/amsmath.sty
Package: amsmath 2000/07/18 v2.13 AMS math features
\@mathmargin=\skip44

For additional information on amsmath, use the `?' option.
(/usr/local/texlive/2010/texmf-dist/tex/latex/amsmath/amstext.sty
Package: amstext 2000/06/29 v2.01

(/usr/local/texlive/2010/texmf-dist/tex/latex/amsmath/amsgen.sty
File: amsgen.sty 1999/11/30 v2.0
\@emptytoks=\toks14
\ex@=\dimen103
))
(/usr/local/texlive/2010/texmf-dist/tex/latex/amsmath/amsbsy.sty
Package: amsbsy 1999/11/29 v1.2d
\pmbraise@=\dimen104
)
(/usr/local/texlive/2010/texmf-dist/tex/latex/amsmath/amsopn.sty
Package: amsopn 1999/12/14 v2.01 operator names
)
\inf@bad=\count87
LaTeX Info: Redefining \frac on input line 211.
\uproot@=\count88
\leftroot@=\count89
LaTeX Info: Redefining \overline on input line 307.
\classnum@=\count90
\DOTSCASE@=\count91
LaTeX Info: Redefining \ldots on input line 379.
LaTeX Info: Redefining \dots on input line 382.
LaTeX Info: Redefining \cdots on input line 467.
\Mathstrutbox@=\box26
\strutbox@=\box27
\big@size=\dimen105
LaTeX Font Info:    Redeclaring font encoding OML on input line 567.
LaTeX Font Info:    Redeclaring font encoding OMS on input line 568.
\macc@depth=\count92
\c@MaxMatrixCols=\count93
\dotsspace@=\muskip10
\c@parentequation=\count94
\dspbrk@lvl=\count95
\tag@help=\toks15
\row@=\count96
\column@=\count97
\maxfields@=\count98
\andhelp@=\toks16
\eqnshift@=\dimen106
\alignsep@=\dimen107
\tagshift@=\dimen108
\tagwidth@=\dimen109
\totwidth@=\dimen110
\lineht@=\dimen111
\@envbody=\toks17
\multlinegap=\skip45
\multlinetaggap=\skip46
\mathdisplay@stack=\toks18
LaTeX Info: Redefining \[ on input line 2666.
LaTeX Info: Redefining \] on input line 2667.
)
(./algorithm2e.sty

LaTeX Warning: You have requested package `algorithm2e',
               but the package provides `algorithm'.

Package: algorithm 2009/08/24 v0.1 Document Style `algorithm' - floating enviro
nment
(/usr/local/texlive/2010/texmf-dist/tex/latex/float/float.sty
Package: float 2001/11/08 v1.3d Float enhancements (AL)
\c@float@type=\count99
\float@exts=\toks19
\float@box=\box28
\@float@everytoks=\toks20
\@floatcapt=\box29
)
(/usr/local/texlive/2010/texmf-dist/tex/latex/base/ifthen.sty
Package: ifthen 2001/05/26 v1.1c Standard LaTeX ifthen package (DPC)
)
\@float@every@algorithm=\toks21
\c@algorithm=\count100
) (./aaai11QA.aux)
\openout1 = `aaai11QA.aux'.

LaTeX Font Info:    Checking defaults for OML/cmm/m/it on input line 36.
LaTeX Font Info:    ... okay on input line 36.
LaTeX Font Info:    Checking defaults for T1/cmr/m/n on input line 36.
LaTeX Font Info:    ... okay on input line 36.
LaTeX Font Info:    Checking defaults for OT1/cmr/m/n on input line 36.
LaTeX Font Info:    ... okay on input line 36.
LaTeX Font Info:    Checking defaults for OMS/cmsy/m/n on input line 36.
LaTeX Font Info:    ... okay on input line 36.
LaTeX Font Info:    Checking defaults for OMX/cmex/m/n on input line 36.
LaTeX Font Info:    ... okay on input line 36.
LaTeX Font Info:    Checking defaults for U/cmr/m/n on input line 36.
LaTeX Font Info:    ... okay on input line 36.

Underfull \hbox (badness 2269) in paragraph at lines 91--101
[][]\OT1/cmr/m/n/10 This work in-ves-ti-gates sev-eral is-sues, in-clud-ing
 []

[1{/usr/local/texlive/2010/texmf-var/fonts/map/pdftex/updmap/pdftex.map}



]
Underfull \hbox (badness 1092) in paragraph at lines 118--129
[]\OT1/cmr/bx/n/10 Incomplete STRIPS Do-mains\OT1/cmr/m/n/10 : An in-com-plete
 []


Underfull \hbox (badness 1082) in paragraph at lines 156--166
\OT1/cmr/m/n/10 state se-quence $(\OML/cmm/m/it/10 s[] \OT1/cmr/m/n/10 = \OMS/c
msy/m/n/10 f\OML/cmm/m/it/10 p; q\OMS/cmsy/m/n/10 g\OML/cmm/m/it/10 ; s[] \OT1/
cmr/m/n/10 = \OMS/cmsy/m/n/10 f\OML/cmm/m/it/10 p; q; r\OMS/cmsy/m/n/10 g\OML/c
mm/m/it/10 ; s[] \OT1/cmr/m/n/10 =
 []

[2]
Underfull \hbox (badness 2237) in paragraph at lines 312--324
[][]\OT1/cmr/m/n/10 A re-laxed plan-ning graph with prop-a-gated la-
 []

[3]
! Undefined control sequence.
l.432 \SetLine
              
The control sequence at the end of the top line
of your error message was never \def'ed. If you have
misspelled it (e.g., `\hobx'), type `I' and the correct
spelling (e.g., `I\hbox'). Otherwise just continue,
and I'll forget about whatever was undefined.

! Undefined control sequence.
l.433 \KwIn
           {state $s$, goal $G$, actions ${A}$}
The control sequence at the end of the top line
of your error message was never \def'ed. If you have
misspelled it (e.g., `\hobx'), type `I' and the correct
spelling (e.g., `I\hbox'). Otherwise just continue,
and I'll forget about whatever was undefined.

! Undefined control sequence.
l.437 \While
            {$\pi \not= ()$ and $G\not\subseteq s$}{
The control sequence at the end of the top line
of your error message was never \def'ed. If you have
misspelled it (e.g., `\hobx'), type `I' and the correct
spelling (e.g., `I\hbox'). Otherwise just continue,
and I'll forget about whatever was undefined.

! Undefined control sequence.
l.439 \eIf
          {${pre}(a) \subseteq s$ and
The control sequence at the end of the top line
of your error message was never \def'ed. If you have
misspelled it (e.g., `\hobx'), type `I' and the correct
spelling (e.g., `I\hbox'). Otherwise just continue,
and I'll forget about whatever was undefined.

! Undefined control sequence.
l.449 \If
         {$\phi \models fail$ }{
The control sequence at the end of the top line
of your error message was never \def'ed. If you have
misspelled it (e.g., `\hobx'), type `I' and the correct
spelling (e.g., `I\hbox'). Otherwise just continue,
and I'll forget about whatever was undefined.


Underfull \vbox (badness 10000) has occurred while \output is active []


Underfull \hbox (badness 10000) in paragraph at lines 497--499
[][]\OT1/cmr/m/n/10 The ex-am-ple plan de-fines $\OML/cmm/m/it/10 Q[] \OT1/cmr/
m/n/10 =
 []


Underfull \hbox (badness 7362) in paragraph at lines 497--499
\OMS/cmsy/m/n/10 f\OML/cmm/m/it/10 pre\OT1/cmr/m/n/10 (\OML/cmm/m/it/10 a; r\OT
1/cmr/m/n/10 )\OML/cmm/m/it/10 ; del\OT1/cmr/m/n/10 (\OML/cmm/m/it/10 a; p\OT1/
cmr/m/n/10 )\OML/cmm/m/it/10 ; del\OT1/cmr/m/n/10 (\OML/cmm/m/it/10 b; q\OT1/cm
r/m/n/10 )\OML/cmm/m/it/10 ; pre\OT1/cmr/m/n/10 (\OML/cmm/m/it/10 c; q\OT1/cmr/
m/n/10 )\OMS/cmsy/m/n/10 g$ \OT1/cmr/m/n/10 be-cause each
 []


Underfull \hbox (badness 1038) in paragraph at lines 500--507
[]\OT1/cmr/bx/n/10 Ranking Rel-e-vant Ques-tions\OT1/cmr/m/n/10 : The fea-tures
 in
 []

[4]
Underfull \hbox (badness 1584) in paragraph at lines 541--544
\OT1/cmr/m/n/10 pre-ferred ques-tions be-cause their en-tropy is 0.16,
 []


Underfull \hbox (badness 1194) in paragraph at lines 594--594
[][]\OT1/cmr/m/n/10 Table 2: []Ex-treme Strat-egy Av-er-age Per-for-mance.
 []

LaTeX Font Info:    Try loading font information for OMS+cmr on input line 607.

(/usr/local/texlive/2010/texmf-dist/tex/latex/base/omscmr.fd
File: omscmr.fd 1999/05/25 v2.5h Standard LaTeX font definitions
)
LaTeX Font Info:    Font shape `OMS/cmr/m/n' in size <10> not available
(Font)              Font shape `OMS/cmsy/m/n' tried instead on input line 607.

Underfull \hbox (badness 1460) in paragraph at lines 627--631
\OT1/cmr/m/n/10 Plan-ning Com-pe-ti-tion (IPC) in-volves ac-tions that
 []

[5] (./aaai11QA.bbl) [6] (./aaai11QA.aux) ) 
Here is how much of TeX's memory you used:
 1074 strings out of 493747
 12381 string characters out of 3143546
 84575 words of memory out of 3000000
 4396 multiletter control sequences out of 15000+200000
 11236 words of font info for 42 fonts, out of 3000000 for 9000
 714 hyphenation exceptions out of 8191
 27i,16n,21p,1010b,252s stack positions out of 5000i,500n,10000p,200000b,50000s
</usr/local/texlive/2010/texmf-dist/
fonts/type1/public/amsfonts/cm/cmbx10.pfb></usr/local/texlive/2010/texmf-dist/f
onts/type1/public/amsfonts/cm/cmbx12.pfb></usr/local/texlive/2010/texmf-dist/fo
nts/type1/public/amsfonts/cm/cmbx9.pfb></usr/local/texlive/2010/texmf-dist/font
s/type1/public/amsfonts/cm/cmex10.pfb></usr/local/texlive/2010/texmf-dist/fonts
/type1/public/amsfonts/cm/cmmi10.pfb></usr/local/texlive/2010/texmf-dist/fonts/
type1/public/amsfonts/cm/cmmi5.pfb></usr/local/texlive/2010/texmf-dist/fonts/ty
pe1/public/amsfonts/cm/cmmi6.pfb></usr/local/texlive/2010/texmf-dist/fonts/type
1/public/amsfonts/cm/cmmi7.pfb></usr/local/texlive/2010/texmf-dist/fonts/type1/
public/amsfonts/cm/cmmi9.pfb></usr/local/texlive/2010/texmf-dist/fonts/type1/pu
blic/amsfonts/cm/cmr10.pfb></usr/local/texlive/2010/texmf-dist/fonts/type1/publ
ic/amsfonts/cm/cmr5.pfb></usr/local/texlive/2010/texmf-dist/fonts/type1/public/
amsfonts/cm/cmr6.pfb></usr/local/texlive/2010/texmf-dist/fonts/type1/public/ams
fonts/cm/cmr7.pfb></usr/local/texlive/2010/texmf-dist/fonts/type1/public/amsfon
ts/cm/cmr9.pfb></usr/local/texlive/2010/texmf-dist/fonts/type1/public/amsfonts/
cm/cmss10.pfb></usr/local/texlive/2010/texmf-dist/fonts/type1/public/amsfonts/c
m/cmss8.pfb></usr/local/texlive/2010/texmf-dist/fonts/type1/public/amsfonts/cm/
cmsy10.pfb></usr/local/texlive/2010/texmf-dist/fonts/type1/public/amsfonts/cm/c
msy5.pfb></usr/local/texlive/2010/texmf-dist/fonts/type1/public/amsfonts/cm/cms
y7.pfb></usr/local/texlive/2010/texmf-dist/fonts/type1/public/amsfonts/cm/cmti1
0.pfb></usr/local/texlive/2010/texmf-dist/fonts/type1/public/amsfonts/cm/cmti9.
pfb></usr/local/texlive/2010/texmf-dist/fonts/type1/public/amsfonts/cm/cmtt10.p
fb>
Output written on aaai11QA.pdf (6 pages, 282338 bytes).
PDF statistics:
 111 PDF objects out of 1000 (max. 8388607)
 80 compressed objects within 1 object stream
 0 named destinations out of 1000 (max. 500000)
 1 words of extra memory for PDF output out of 10000 (max. 10000000)

